<?xml version="1.0" encoding="UTF-8"?>
<testsuite xmlns:xsi="http://www.w3.org/2001/XMLSchema-instance" xsi:noNamespaceSchemaLocation="https://maven.apache.org/surefire/maven-surefire-plugin/xsd/surefire-test-report.xsd" version="3.0.2" name="com.fintech.wallet.service.WalletServiceTest" time="1.103" tests="4" errors="0" skipped="0" failures="0">
  <properties>
[...]
</properties>
  <testcase name="creditWallet_ShouldIncreaseBalance" classname="com.fintech.wallet.service.WalletServiceTest" time="1.063">
    <system-out><![CDATA[08:42:51.715 [main] INFO com.fintech.wallet.service.WalletService -- Crediting wallet 1 with amount: 50.00
08:42:51.723 [main] INFO com.fintech.wallet.service.WalletService -- Wallet credited successfully. New balance: 150.00
]]></system-out>
    <system-err><![CDATA[Mockito is currently self-attaching to enable the inline-mock-maker. This will no longer work in future releases of the JDK. Please add Mockito as an agent to your build what is described in Mockito's documentation: https://javadoc.io/doc/org.mockito/mockito-core/latest/org/mockito/Mockito.html#0.3
WARNING: A Java agent has been loaded dynamically (C:\Users\33656\.m2\repository\net\bytebuddy\byte-buddy-agent\1.15.10\byte-buddy-agent-1.15.10.jar)
WARNING: If a serviceability tool is in use, please run with -XX:+EnableDynamicAgentLoading to hide this warning
WARNING: If a serviceability tool is not in use, please run with -Djdk.instrument.traceUsage for more information
WARNING: Dynamic loading of agents will be disallowed by default in a future release
]]></system-err>
  </testcase>
  <testcase name="debitWallet_ShouldThrowException_WhenFundsInsufficient" classname="com.fintech.wallet.service.WalletServiceTest" time="0.004">
    <system-out><![CDATA[08:42:51.757 [main] INFO com.fintech.wallet.service.WalletService -- Debiting wallet 1 with amount: 150.00
]]></system-out>
  </testcase>
  <testcase name="debitWallet_ShouldDecreaseBalance_WhenFundsSufficient" classname="com.fintech.wallet.service.WalletServiceTest" time="0.004">
    <system-out><![CDATA[08:42:51.761 [main] INFO com.fintech.wallet.service.WalletService -- Debiting wallet 1 with amount: 50.00
08:42:51.762 [main] INFO com.fintech.wallet.service.WalletService -- Wallet debited successfully. New balance: 50.00
]]></system-out>
  </testcase>
  <testcase name="createWallet_ShouldReturnWalletDTO" classname="com.fintech.wallet.service.WalletServiceTest" time="0.007">
    <system-out><![CDATA[08:42:51.769 [main] INFO com.fintech.wallet.service.WalletService -- Creating wallet for user: 1
08:42:51.769 [main] INFO com.fintech.wallet.service.WalletService -- Wallet created successfully: 1
]]></system-out>
  </testcase>
</testsuite>